2021-06-14 10:17:35,379 [main] [34m-5level[0;39m project.demo.restoran.Application : Starting Application using Java 11.0.11 on WIN-PNFQSO3JBBD with PID 1300 (C:\Users\Robocop\IdeaProjects\demo.restoran\target\classes started by Robocop in C:\Users\Robocop\IdeaProjects\demo.restoran)
2021-06-14 10:17:35,387 [main] [34m-5level[0;39m project.demo.restoran.Application : No active profile set, falling back to default profiles: default
2021-06-14 10:28:28,123 [main] [34m-5level[0;39m project.demo.restoran.Application : Starting Application using Java 11.0.11 on WIN-PNFQSO3JBBD with PID 13912 (C:\Users\Robocop\IdeaProjects\demo.restoran\target\classes started by Robocop in C:\Users\Robocop\IdeaProjects\demo.restoran)
2021-06-14 10:28:28,123 [main] [34m-5level[0;39m project.demo.restoran.Application : No active profile set, falling back to default profiles: default
2021-06-14 10:28:32,216 [main] [34m-5level[0;39m project.demo.restoran.Application : Started Application in 4.489 seconds (JVM running for 5.457)
2021-06-14 10:28:36,811 [http-nio-8080-exec-1] [34m-5level[0;39m project.demo.restoran.aspect.LoggingAspect : start showMainMenu
2021-06-14 10:28:36,822 [http-nio-8080-exec-1] [34m-5level[0;39m project.demo.restoran.aspect.LoggingAspect : end showMainMenu
2021-06-14 10:28:37,266 [http-nio-8080-exec-4] [34m-5level[0;39m project.demo.restoran.aspect.LoggingAspect : start showMainMenu
2021-06-14 10:28:37,266 [http-nio-8080-exec-4] [34m-5level[0;39m project.demo.restoran.aspect.LoggingAspect : end showMainMenu
2021-06-14 10:28:38,944 [http-nio-8080-exec-7] [34m-5level[0;39m project.demo.restoran.aspect.LoggingAspect : start tableReserving
2021-06-14 10:28:38,949 [http-nio-8080-exec-7] [34m-5level[0;39m project.demo.restoran.aspect.LoggingAspect : end tableReserving
2021-06-14 10:28:40,630 [http-nio-8080-exec-10] [34m-5level[0;39m project.demo.restoran.aspect.LoggingAspect : start showMainMenu
2021-06-14 10:28:40,630 [http-nio-8080-exec-10] [34m-5level[0;39m project.demo.restoran.aspect.LoggingAspect : end showMainMenu
2021-06-14 10:28:42,486 [http-nio-8080-exec-2] [34m-5level[0;39m project.demo.restoran.aspect.LoggingAspect : start authorization
2021-06-14 10:28:42,494 [http-nio-8080-exec-2] [34m-5level[0;39m project.demo.restoran.aspect.LoggingAspect : end authorization
2021-06-14 10:28:47,965 [http-nio-8080-exec-3] [34m-5level[0;39m project.demo.restoran.aspect.LoggingAspect : start showMainMenu
2021-06-14 10:28:47,966 [http-nio-8080-exec-3] [34m-5level[0;39m project.demo.restoran.aspect.LoggingAspect : end showMainMenu
2021-06-14 10:28:49,432 [http-nio-8080-exec-9] [34m-5level[0;39m project.demo.restoran.aspect.LoggingAspect : start tableReserving
2021-06-14 10:28:49,432 [http-nio-8080-exec-9] [34m-5level[0;39m project.demo.restoran.aspect.LoggingAspect : end tableReserving
2021-06-14 10:28:52,961 [http-nio-8080-exec-4] [34m-5level[0;39m project.demo.restoran.aspect.LoggingAspect : start showTableReserved
2021-06-14 10:28:53,019 [http-nio-8080-exec-4] [34m-5level[0;39m project.demo.restoran.aspect.LoggingAspect : end showTableReserved
2021-06-14 10:28:54,663 [http-nio-8080-exec-2] [34m-5level[0;39m project.demo.restoran.aspect.LoggingAspect : start delete
2021-06-14 10:28:54,761 [http-nio-8080-exec-2] [34m-5level[0;39m project.demo.restoran.aspect.LoggingAspect : end delete
2021-06-14 10:28:54,777 [http-nio-8080-exec-5] [34m-5level[0;39m project.demo.restoran.aspect.LoggingAspect : start showTableReserved
2021-06-14 10:28:54,785 [http-nio-8080-exec-5] [34m-5level[0;39m project.demo.restoran.aspect.LoggingAspect : end showTableReserved
2021-06-14 10:28:55,470 [http-nio-8080-exec-7] [34m-5level[0;39m project.demo.restoran.aspect.LoggingAspect : start delete
2021-06-14 10:28:55,470 [http-nio-8080-exec-7] [34m-5level[0;39m project.demo.restoran.aspect.LoggingAspect : end delete
2021-06-14 10:28:55,478 [http-nio-8080-exec-8] [34m-5level[0;39m project.demo.restoran.aspect.LoggingAspect : start showTableReserved
2021-06-14 10:28:55,486 [http-nio-8080-exec-8] [34m-5level[0;39m project.demo.restoran.aspect.LoggingAspect : end showTableReserved
2021-06-14 10:29:43,642 [http-nio-8080-exec-1] [34m-5level[0;39m project.demo.restoran.aspect.LoggingAspect : start showMainMenu
2021-06-14 10:29:43,642 [http-nio-8080-exec-1] [34m-5level[0;39m project.demo.restoran.aspect.LoggingAspect : end showMainMenu
2021-06-14 10:29:44,902 [http-nio-8080-exec-5] [34m-5level[0;39m project.demo.restoran.aspect.LoggingAspect : start showMainMenu
2021-06-14 10:29:44,902 [http-nio-8080-exec-5] [34m-5level[0;39m project.demo.restoran.aspect.LoggingAspect : end showMainMenu
2021-06-14 10:29:46,651 [http-nio-8080-exec-8] [34m-5level[0;39m project.demo.restoran.aspect.LoggingAspect : start tableReserving
2021-06-14 10:29:46,651 [http-nio-8080-exec-8] [34m-5level[0;39m project.demo.restoran.aspect.LoggingAspect : end tableReserving
2021-06-14 10:29:47,774 [http-nio-8080-exec-1] [34m-5level[0;39m project.demo.restoran.aspect.LoggingAspect : start showMainMenu
2021-06-14 10:29:47,774 [http-nio-8080-exec-1] [34m-5level[0;39m project.demo.restoran.aspect.LoggingAspect : end showMainMenu
2021-06-14 10:29:48,542 [http-nio-8080-exec-5] [34m-5level[0;39m project.demo.restoran.aspect.LoggingAspect : start authorization
2021-06-14 10:29:48,542 [http-nio-8080-exec-5] [34m-5level[0;39m project.demo.restoran.aspect.LoggingAspect : end authorization
2021-06-14 10:29:52,891 [http-nio-8080-exec-7] [34m-5level[0;39m project.demo.restoran.aspect.LoggingAspect : start authorization
2021-06-14 10:29:52,891 [http-nio-8080-exec-7] [34m-5level[0;39m project.demo.restoran.aspect.LoggingAspect : end authorization
2021-06-14 10:29:54,595 [http-nio-8080-exec-8] [34m-5level[0;39m project.demo.restoran.aspect.LoggingAspect : start showMainMenu
2021-06-14 10:29:54,595 [http-nio-8080-exec-8] [34m-5level[0;39m project.demo.restoran.aspect.LoggingAspect : end showMainMenu
2021-06-14 10:29:56,630 [http-nio-8080-exec-1] [34m-5level[0;39m project.demo.restoran.aspect.LoggingAspect : start tableReserving
2021-06-14 10:29:56,630 [http-nio-8080-exec-1] [34m-5level[0;39m project.demo.restoran.aspect.LoggingAspect : end tableReserving
2021-06-14 10:31:13,008 [main] [34m-5level[0;39m project.demo.restoran.Application : Starting Application using Java 11.0.11 on WIN-PNFQSO3JBBD with PID 13556 (C:\Users\Robocop\IdeaProjects\demo.restoran\target\classes started by Robocop in C:\Users\Robocop\IdeaProjects\demo.restoran)
2021-06-14 10:31:13,008 [main] [34m-5level[0;39m project.demo.restoran.Application : No active profile set, falling back to default profiles: default
2021-06-14 10:31:17,267 [main] [34m-5level[0;39m project.demo.restoran.Application : Started Application in 4.663 seconds (JVM running for 5.75)
2021-06-14 10:31:34,815 [http-nio-8080-exec-2] [34m-5level[0;39m project.demo.restoran.aspect.LoggingAspect : start showMainMenu
2021-06-14 10:31:34,823 [http-nio-8080-exec-2] [34m-5level[0;39m project.demo.restoran.aspect.LoggingAspect : end showMainMenu
2021-06-14 10:31:47,138 [http-nio-8080-exec-3] [34m-5level[0;39m project.demo.restoran.aspect.LoggingAspect : start authorization
2021-06-14 10:31:47,146 [http-nio-8080-exec-3] [34m-5level[0;39m project.demo.restoran.aspect.LoggingAspect : end authorization
2021-06-14 10:35:00,904 [http-nio-8080-exec-2] [34m-5level[0;39m project.demo.restoran.aspect.LoggingAspect : start showMainMenu
2021-06-14 10:35:00,904 [http-nio-8080-exec-2] [34m-5level[0;39m project.demo.restoran.aspect.LoggingAspect : end showMainMenu
2021-06-14 10:37:28,094 [main] [34m-5level[0;39m project.demo.restoran.Application : Starting Application using Java 11.0.11 on WIN-PNFQSO3JBBD with PID 12880 (C:\Users\Robocop\IdeaProjects\demo.restoran\target\classes started by Robocop in C:\Users\Robocop\IdeaProjects\demo.restoran)
2021-06-14 10:37:28,094 [main] [34m-5level[0;39m project.demo.restoran.Application : No active profile set, falling back to default profiles: default
2021-06-14 10:37:32,342 [main] [34m-5level[0;39m project.demo.restoran.Application : Started Application in 4.692 seconds (JVM running for 5.677)
2021-06-14 10:37:36,056 [http-nio-8080-exec-1] [34m-5level[0;39m project.demo.restoran.aspect.LoggingAspect : start showMainMenu
2021-06-14 10:37:36,064 [http-nio-8080-exec-1] [34m-5level[0;39m project.demo.restoran.aspect.LoggingAspect : end showMainMenu
2021-06-14 10:46:21,127 [main] [34m-5level[0;39m project.demo.restoran.Application : Starting Application using Java 11.0.11 on WIN-PNFQSO3JBBD with PID 6880 (C:\Users\Robocop\IdeaProjects\demo.restoran\target\classes started by Robocop in C:\Users\Robocop\IdeaProjects\demo.restoran)
2021-06-14 10:46:21,127 [main] [34m-5level[0;39m project.demo.restoran.Application : No active profile set, falling back to default profiles: default
2021-06-14 10:46:25,206 [main] [34m-5level[0;39m project.demo.restoran.Application : Started Application in 4.478 seconds (JVM running for 5.452)
2021-06-14 10:46:30,805 [http-nio-8080-exec-1] [34m-5level[0;39m project.demo.restoran.aspect.LoggingAspect : start showMainMenu
2021-06-14 10:46:30,805 [http-nio-8080-exec-1] [34m-5level[0;39m project.demo.restoran.aspect.LoggingAspect : end showMainMenu
2021-06-14 10:46:31,287 [http-nio-8080-exec-3] [34m-5level[0;39m project.demo.restoran.aspect.LoggingAspect : start showMainMenu
2021-06-14 10:46:31,287 [http-nio-8080-exec-3] [34m-5level[0;39m project.demo.restoran.aspect.LoggingAspect : end showMainMenu
2021-06-14 10:46:35,791 [http-nio-8080-exec-6] [34m-5level[0;39m project.demo.restoran.aspect.LoggingAspect : start tableReserving
2021-06-14 10:46:35,799 [http-nio-8080-exec-6] [34m-5level[0;39m project.demo.restoran.aspect.LoggingAspect : end tableReserving
2021-06-14 10:46:37,796 [http-nio-8080-exec-9] [34m-5level[0;39m project.demo.restoran.aspect.LoggingAspect : start showMainMenu
2021-06-14 10:46:37,796 [http-nio-8080-exec-9] [34m-5level[0;39m project.demo.restoran.aspect.LoggingAspect : end showMainMenu
2021-06-14 10:46:39,129 [http-nio-8080-exec-2] [34m-5level[0;39m project.demo.restoran.aspect.LoggingAspect : start showMenuFood
2021-06-14 10:46:39,361 [http-nio-8080-exec-2] [34m-5level[0;39m project.demo.restoran.aspect.LoggingAspect : end showMenuFood
2021-06-14 10:46:40,781 [http-nio-8080-exec-5] [34m-5level[0;39m project.demo.restoran.aspect.LoggingAspect : start showMainMenu
2021-06-14 10:46:40,781 [http-nio-8080-exec-5] [34m-5level[0;39m project.demo.restoran.aspect.LoggingAspect : end showMainMenu
2021-06-14 10:46:41,952 [http-nio-8080-exec-8] [34m-5level[0;39m project.demo.restoran.aspect.LoggingAspect : start showMenuDrinks
2021-06-14 10:46:42,001 [http-nio-8080-exec-8] [34m-5level[0;39m project.demo.restoran.aspect.LoggingAspect : end showMenuDrinks
2021-06-14 10:46:43,216 [http-nio-8080-exec-1] [34m-5level[0;39m project.demo.restoran.aspect.LoggingAspect : start showMainMenu
2021-06-14 10:46:43,216 [http-nio-8080-exec-1] [34m-5level[0;39m project.demo.restoran.aspect.LoggingAspect : end showMainMenu
2021-06-14 10:46:44,298 [http-nio-8080-exec-4] [34m-5level[0;39m project.demo.restoran.aspect.LoggingAspect : start showReviews
2021-06-14 10:46:44,349 [http-nio-8080-exec-4] [34m-5level[0;39m project.demo.restoran.aspect.LoggingAspect : end showReviews
2021-06-14 10:47:28,179 [main] [34m-5level[0;39m project.demo.restoran.Application : Starting Application using Java 11.0.11 on WIN-PNFQSO3JBBD with PID 13696 (C:\Users\Robocop\IdeaProjects\demo.restoran\target\classes started by Robocop in C:\Users\Robocop\IdeaProjects\demo.restoran)
2021-06-14 10:47:28,179 [main] [34m-5level[0;39m project.demo.restoran.Application : No active profile set, falling back to default profiles: default
2021-06-14 10:47:32,254 [main] [34m-5level[0;39m project.demo.restoran.Application : Started Application in 4.505 seconds (JVM running for 5.51)
2021-06-14 10:47:38,673 [http-nio-8080-exec-1] [34m-5level[0;39m project.demo.restoran.aspect.LoggingAspect : start showMainMenu
2021-06-14 10:47:38,681 [http-nio-8080-exec-1] [34m-5level[0;39m project.demo.restoran.aspect.LoggingAspect : end showMainMenu
2021-06-14 10:48:46,294 [main] [34m-5level[0;39m project.demo.restoran.Application : Starting Application using Java 11.0.11 on WIN-PNFQSO3JBBD with PID 6804 (C:\Users\Robocop\IdeaProjects\demo.restoran\target\classes started by Robocop in C:\Users\Robocop\IdeaProjects\demo.restoran)
2021-06-14 10:48:46,294 [main] [34m-5level[0;39m project.demo.restoran.Application : No active profile set, falling back to default profiles: default
2021-06-14 10:48:50,398 [main] [34m-5level[0;39m project.demo.restoran.Application : Started Application in 4.471 seconds (JVM running for 5.489)
2021-06-14 10:48:58,147 [http-nio-8080-exec-6] [34m-5level[0;39m project.demo.restoran.aspect.LoggingAspect : start showMainMenu
2021-06-14 10:48:58,155 [http-nio-8080-exec-6] [34m-5level[0;39m project.demo.restoran.aspect.LoggingAspect : end showMainMenu
2021-06-14 10:49:05,605 [http-nio-8080-exec-4] [34m-5level[0;39m project.demo.restoran.aspect.LoggingAspect : start authorization
2021-06-14 10:49:05,605 [http-nio-8080-exec-4] [34m-5level[0;39m project.demo.restoran.aspect.LoggingAspect : end authorization
